2023-09-20 08:42:37,728 INFO: Application startup [in C:\Users\andrejz\code\python\razornotes\app\__init__.py:67]
2023-09-20 08:42:38,906 INFO: Application startup [in C:\Users\andrejz\code\python\razornotes\app\__init__.py:67]
2023-09-20 08:42:58,217 DEBUG: Posted CSRF None [in C:\Users\andrejz\code\python\razornotes\app\main_page_module\controllers.py:554]
2023-09-20 08:42:58,219 DEBUG: System CSRF None [in C:\Users\andrejz\code\python\razornotes\app\main_page_module\controllers.py:555]
2023-09-20 08:43:01,093 DEBUG: Posted CSRF IjJmOWYxNWYwMTI3MWY4YjIwMGUwNDIwOGUzMGYzMTBhYjM2YjBjZmYi.ZQqUcg.oF9pYp9c3g03bGwCdgmP0x1PxL4 [in C:\Users\andrejz\code\python\razornotes\app\main_page_module\controllers.py:554]
2023-09-20 08:43:01,095 DEBUG: System CSRF None [in C:\Users\andrejz\code\python\razornotes\app\main_page_module\controllers.py:555]
2023-09-20 08:43:06,234 DEBUG: Posted CSRF IjJmOWYxNWYwMTI3MWY4YjIwMGUwNDIwOGUzMGYzMTBhYjM2YjBjZmYi.ZQqUdQ.gSz0AjJRwovG6M3_GaRjzhbvKAw [in C:\Users\andrejz\code\python\razornotes\app\main_page_module\controllers.py:554]
2023-09-20 08:43:06,236 DEBUG: System CSRF None [in C:\Users\andrejz\code\python\razornotes\app\main_page_module\controllers.py:555]
2023-09-20 09:03:59,020 INFO: Application startup [in C:\Users\andrejz\code\python\razornotes\app\__init__.py:67]
2023-09-20 09:04:00,096 INFO: Application startup [in C:\Users\andrejz\code\python\razornotes\app\__init__.py:67]
2023-09-20 09:04:02,274 DEBUG: Posted CSRF IjJmOWYxNWYwMTI3MWY4YjIwMGUwNDIwOGUzMGYzMTBhYjM2YjBjZmYi.ZQqUeg.3F55F_SSgq1-OSFNB9jPgFFdKOY [in C:\Users\andrejz\code\python\razornotes\app\main_page_module\controllers.py:554]
2023-09-20 09:04:02,275 DEBUG: System CSRF None [in C:\Users\andrejz\code\python\razornotes\app\main_page_module\controllers.py:555]
2023-09-20 09:23:37,571 INFO: Application startup [in C:\Users\andrejz\code\python\razornotes\app\__init__.py:67]
2023-09-20 09:23:38,666 INFO: Application startup [in C:\Users\andrejz\code\python\razornotes\app\__init__.py:67]
2023-09-20 09:27:21,793 INFO: Application startup [in C:\Users\andrejz\code\python\razornotes\app\__init__.py:67]
2023-09-20 09:27:53,264 INFO: Application startup [in C:\Users\andrejz\code\python\razornotes\app\__init__.py:67]
2023-09-20 09:28:05,276 INFO: Application startup [in C:\Users\andrejz\code\python\razornotes\app\__init__.py:67]
2023-09-20 09:29:27,788 INFO: Application startup [in C:\Users\andrejz\code\python\razornotes\app\__init__.py:67]
2023-09-20 09:29:28,972 INFO: Application startup [in C:\Users\andrejz\code\python\razornotes\app\__init__.py:67]
2023-09-20 09:35:44,803 INFO: Application startup [in C:\Users\andrejz\code\python\razornotes\app\__init__.py:67]
2023-09-20 09:35:52,492 INFO: Application startup [in C:\Users\andrejz\code\python\razornotes\app\__init__.py:67]
2023-09-20 09:37:15,106 INFO: Application startup [in C:\Users\andrejz\code\python\razornotes\app\__init__.py:67]
2023-09-20 09:37:16,127 INFO: Application startup [in C:\Users\andrejz\code\python\razornotes\app\__init__.py:67]
2023-09-20 09:47:24,285 INFO: Application startup [in C:\Users\andrejz\code\python\razornotes\app\__init__.py:67]
2023-09-20 09:47:25,342 INFO: Application startup [in C:\Users\andrejz\code\python\razornotes\app\__init__.py:67]
2023-09-20 10:39:02,553 INFO: Application startup [in C:\Users\andrejz\code\python\razornotes\app\__init__.py:67]
2023-09-20 10:39:03,633 INFO: Application startup [in C:\Users\andrejz\code\python\razornotes\app\__init__.py:67]
2023-09-21 20:08:58,898 INFO: Application startup [in /home/charckle/code/python/razornotes/app/__init__.py:67]
2023-09-21 20:08:59,645 INFO: Application startup [in /home/charckle/code/python/razornotes/app/__init__.py:67]
2023-09-21 20:09:29,252 DEBUG: Posted CSRF None [in /home/charckle/code/python/razornotes/app/main_page_module/controllers.py:554]
2023-09-21 20:09:29,253 DEBUG: System CSRF None [in /home/charckle/code/python/razornotes/app/main_page_module/controllers.py:555]
2023-09-21 20:09:38,802 INFO: Application startup [in /home/charckle/code/python/razornotes/app/__init__.py:67]
2023-09-21 20:09:39,004 DEBUG: Posted CSRF None [in /home/charckle/code/python/razornotes/app/main_page_module/controllers.py:554]
2023-09-21 20:09:39,004 DEBUG: System CSRF None [in /home/charckle/code/python/razornotes/app/main_page_module/controllers.py:555]
2023-09-21 20:10:32,113 INFO: Application startup [in /home/charckle/code/python/razornotes/app/__init__.py:67]
2023-09-21 20:10:32,126 DEBUG: Posted CSRF None [in /home/charckle/code/python/razornotes/app/main_page_module/controllers.py:554]
2023-09-21 20:10:32,126 DEBUG: System CSRF None [in /home/charckle/code/python/razornotes/app/main_page_module/controllers.py:555]
2023-09-21 20:10:46,373 DEBUG: Posted CSRF IjUwYjVmMTBjOWM2YWFkMjVlNTViMjUwZTI4OGRhODUxNTkxYmM0NjMi.ZQyHGA.xx0FW_TaOGL_2zZf7FVwb59Fw2A [in /home/charckle/code/python/razornotes/app/main_page_module/controllers.py:554]
2023-09-21 20:10:46,373 DEBUG: System CSRF None [in /home/charckle/code/python/razornotes/app/main_page_module/controllers.py:555]
2023-09-21 20:13:58,906 INFO: Application startup [in /home/charckle/code/python/razornotes/app/__init__.py:67]
2023-09-21 20:14:17,909 INFO: Application startup [in /home/charckle/code/python/razornotes/app/__init__.py:67]
2023-09-21 20:14:28,826 INFO: Application startup [in /home/charckle/code/python/razornotes/app/__init__.py:67]
2023-09-21 20:14:39,700 INFO: Application startup [in /home/charckle/code/python/razornotes/app/__init__.py:67]
2023-09-21 20:14:45,619 INFO: Application startup [in /home/charckle/code/python/razornotes/app/__init__.py:67]
2023-09-21 20:14:51,448 INFO: Application startup [in /home/charckle/code/python/razornotes/app/__init__.py:67]
2023-09-21 20:14:56,306 INFO: Application startup [in /home/charckle/code/python/razornotes/app/__init__.py:67]
2023-09-21 20:18:06,943 INFO: Application startup [in /home/charckle/code/python/razornotes/app/__init__.py:67]
2023-09-21 20:18:13,809 INFO: Application startup [in /home/charckle/code/python/razornotes/app/__init__.py:67]
2023-09-21 20:18:18,663 INFO: Application startup [in /home/charckle/code/python/razornotes/app/__init__.py:67]
2023-09-21 20:18:48,771 INFO: Application startup [in /home/charckle/code/python/razornotes/app/__init__.py:67]
2023-09-21 20:19:06,803 INFO: Application startup [in /home/charckle/code/python/razornotes/app/__init__.py:67]
2023-09-21 20:19:47,001 INFO: Application startup [in /home/charckle/code/python/razornotes/app/__init__.py:67]
2023-09-21 20:19:50,863 INFO: Application startup [in /home/charckle/code/python/razornotes/app/__init__.py:67]
2023-09-21 20:19:56,720 INFO: Application startup [in /home/charckle/code/python/razornotes/app/__init__.py:67]
2023-09-21 20:20:01,594 INFO: Application startup [in /home/charckle/code/python/razornotes/app/__init__.py:67]
2023-09-21 20:20:07,491 INFO: Application startup [in /home/charckle/code/python/razornotes/app/__init__.py:67]
2023-09-21 20:20:12,372 INFO: Application startup [in /home/charckle/code/python/razornotes/app/__init__.py:67]
2023-09-21 20:20:16,228 INFO: Application startup [in /home/charckle/code/python/razornotes/app/__init__.py:67]
2023-09-21 20:20:26,115 INFO: Application startup [in /home/charckle/code/python/razornotes/app/__init__.py:67]
2023-09-21 20:20:32,990 INFO: Application startup [in /home/charckle/code/python/razornotes/app/__init__.py:67]
2023-09-21 20:20:38,882 INFO: Application startup [in /home/charckle/code/python/razornotes/app/__init__.py:67]
2023-09-21 20:20:43,737 INFO: Application startup [in /home/charckle/code/python/razornotes/app/__init__.py:67]
2023-09-21 20:20:49,619 INFO: Application startup [in /home/charckle/code/python/razornotes/app/__init__.py:67]
2023-09-21 20:21:18,739 INFO: Application startup [in /home/charckle/code/python/razornotes/app/__init__.py:67]
2023-09-21 20:21:26,634 INFO: Application startup [in /home/charckle/code/python/razornotes/app/__init__.py:67]
